ERROR - 2021-07-20 01:22:47 --> Table 'kas.iuran' doesn't exist
CRITICAL - 2021-07-20 01:22:47 --> Call to a member function getResultArray() on bool
#0 C:\xampp\htdocs\UAS\app\Controllers\Iuran.php(13): App\Models\Iuran_model->getIuran()
#1 C:\xampp\htdocs\UAS\system\CodeIgniter.php(928): App\Controllers\Iuran->index()
#2 C:\xampp\htdocs\UAS\system\CodeIgniter.php(436): CodeIgniter\CodeIgniter->runController(Object(App\Controllers\Iuran))
#3 C:\xampp\htdocs\UAS\system\CodeIgniter.php(336): CodeIgniter\CodeIgniter->handleRequest(NULL, Object(Config\Cache), false)
#4 C:\xampp\htdocs\UAS\public\index.php(37): CodeIgniter\CodeIgniter->run()
#5 {main}
ERROR - 2021-07-20 01:24:05 --> Table 'kas.iuran' doesn't exist
CRITICAL - 2021-07-20 01:24:05 --> Call to a member function getResultArray() on bool
#0 C:\xampp\htdocs\UAS\app\Controllers\Iuran.php(13): App\Models\Iuran_model->getIuran()
#1 C:\xampp\htdocs\UAS\system\CodeIgniter.php(928): App\Controllers\Iuran->index()
#2 C:\xampp\htdocs\UAS\system\CodeIgniter.php(436): CodeIgniter\CodeIgniter->runController(Object(App\Controllers\Iuran))
#3 C:\xampp\htdocs\UAS\system\CodeIgniter.php(336): CodeIgniter\CodeIgniter->handleRequest(NULL, Object(Config\Cache), false)
#4 C:\xampp\htdocs\UAS\public\index.php(37): CodeIgniter\CodeIgniter->run()
#5 C:\xampp\htdocs\UAS\system\Commands\Server\rewrite.php(45): require_once('C:\\xampp\\htdocs...')
#6 {main}
ERROR - 2021-07-20 01:26:12 --> Table 'kas.iuran' doesn't exist
CRITICAL - 2021-07-20 01:26:12 --> Call to a member function getResultArray() on bool
#0 C:\xampp\htdocs\UAS\app\Controllers\Iuran.php(13): App\Models\Iuran_model->getIuran()
#1 C:\xampp\htdocs\UAS\system\CodeIgniter.php(928): App\Controllers\Iuran->index()
#2 C:\xampp\htdocs\UAS\system\CodeIgniter.php(436): CodeIgniter\CodeIgniter->runController(Object(App\Controllers\Iuran))
#3 C:\xampp\htdocs\UAS\system\CodeIgniter.php(336): CodeIgniter\CodeIgniter->handleRequest(NULL, Object(Config\Cache), false)
#4 C:\xampp\htdocs\UAS\public\index.php(37): CodeIgniter\CodeIgniter->run()
#5 C:\xampp\htdocs\UAS\system\Commands\Server\rewrite.php(45): require_once('C:\\xampp\\htdocs...')
#6 {main}
ERROR - 2021-07-20 01:39:18 --> Table 'kas.iuran' doesn't exist
CRITICAL - 2021-07-20 01:39:18 --> Call to a member function getResultArray() on bool
#0 C:\xampp\htdocs\UAS\app\Controllers\Iuran.php(13): App\Models\Iuran_model->getIuran()
#1 C:\xampp\htdocs\UAS\system\CodeIgniter.php(928): App\Controllers\Iuran->index()
#2 C:\xampp\htdocs\UAS\system\CodeIgniter.php(436): CodeIgniter\CodeIgniter->runController(Object(App\Controllers\Iuran))
#3 C:\xampp\htdocs\UAS\system\CodeIgniter.php(336): CodeIgniter\CodeIgniter->handleRequest(NULL, Object(Config\Cache), false)
#4 C:\xampp\htdocs\UAS\public\index.php(37): CodeIgniter\CodeIgniter->run()
#5 C:\xampp\htdocs\UAS\system\Commands\Server\rewrite.php(45): require_once('C:\\xampp\\htdocs...')
#6 {main}
CRITICAL - 2021-07-20 04:05:14 --> Undefined variable $isi
#0 C:\xampp\htdocs\pemweb\app\Views\warga_view.php(50): CodeIgniter\Debug\Exceptions->errorHandler(2, 'Undefined varia...', 'C:\\xampp\\htdocs...', 50)
#1 C:\xampp\htdocs\pemweb\system\View\View.php(230): include('C:\\xampp\\htdocs...')
#2 C:\xampp\htdocs\pemweb\system\View\View.php(232): CodeIgniter\View\View->CodeIgniter\View\{closure}()
#3 C:\xampp\htdocs\pemweb\system\Common.php(1271): CodeIgniter\View\View->render('warga_view', Array, true)
#4 C:\xampp\htdocs\pemweb\app\Controllers\Warga.php(14): view('warga_view', Array)
#5 C:\xampp\htdocs\pemweb\system\CodeIgniter.php(928): App\Controllers\Warga->index()
#6 C:\xampp\htdocs\pemweb\system\CodeIgniter.php(436): CodeIgniter\CodeIgniter->runController(Object(App\Controllers\Warga))
#7 C:\xampp\htdocs\pemweb\system\CodeIgniter.php(336): CodeIgniter\CodeIgniter->handleRequest(NULL, Object(Config\Cache), false)
#8 C:\xampp\htdocs\pemweb\public\index.php(37): CodeIgniter\CodeIgniter->run()
#9 C:\xampp\htdocs\pemweb\system\Commands\Server\rewrite.php(45): require_once('C:\\xampp\\htdocs...')
#10 {main}
CRITICAL - 2021-07-20 05:23:17 --> Undefined variable $getWarga
#0 C:\xampp\htdocs\pemweb\app\Views\iuran\total_view.php(92): CodeIgniter\Debug\Exceptions->errorHandler(2, 'Undefined varia...', 'C:\\xampp\\htdocs...', 92)
#1 C:\xampp\htdocs\pemweb\system\View\View.php(230): include('C:\\xampp\\htdocs...')
#2 C:\xampp\htdocs\pemweb\system\View\View.php(232): CodeIgniter\View\View->CodeIgniter\View\{closure}()
#3 C:\xampp\htdocs\pemweb\system\Common.php(1271): CodeIgniter\View\View->render('iuran/total_vie...', Array, true)
#4 C:\xampp\htdocs\pemweb\app\Controllers\Laporan.php(36): view('iuran/total_vie...', Array)
#5 C:\xampp\htdocs\pemweb\system\CodeIgniter.php(928): App\Controllers\Laporan->total()
#6 C:\xampp\htdocs\pemweb\system\CodeIgniter.php(436): CodeIgniter\CodeIgniter->runController(Object(App\Controllers\Laporan))
#7 C:\xampp\htdocs\pemweb\system\CodeIgniter.php(336): CodeIgniter\CodeIgniter->handleRequest(NULL, Object(Config\Cache), false)
#8 C:\xampp\htdocs\pemweb\public\index.php(37): CodeIgniter\CodeIgniter->run()
#9 C:\xampp\htdocs\pemweb\system\Commands\Server\rewrite.php(45): require_once('C:\\xampp\\htdocs...')
#10 {main}
CRITICAL - 2021-07-20 05:33:15 --> Invalid file: header_view.php
#0 C:\xampp\htdocs\pemweb\system\View\View.php(213): CodeIgniter\Exceptions\FrameworkException::forInvalidFile('header_view.php')
#1 C:\xampp\htdocs\pemweb\system\Common.php(1271): CodeIgniter\View\View->render('header_view', Array, true)
#2 C:\xampp\htdocs\pemweb\app\Controllers\Laporan.php(35): view('header_view', Array)
#3 C:\xampp\htdocs\pemweb\system\CodeIgniter.php(928): App\Controllers\Laporan->total()
#4 C:\xampp\htdocs\pemweb\system\CodeIgniter.php(436): CodeIgniter\CodeIgniter->runController(Object(App\Controllers\Laporan))
#5 C:\xampp\htdocs\pemweb\system\CodeIgniter.php(336): CodeIgniter\CodeIgniter->handleRequest(NULL, Object(Config\Cache), false)
#6 C:\xampp\htdocs\pemweb\public\index.php(37): CodeIgniter\CodeIgniter->run()
#7 C:\xampp\htdocs\pemweb\system\Commands\Server\rewrite.php(45): require_once('C:\\xampp\\htdocs...')
#8 {main}
CRITICAL - 2021-07-20 05:44:52 --> Undefined variable $getWarga
#0 C:\xampp\htdocs\pemweb\app\Views\iuran\total_view.php(92): CodeIgniter\Debug\Exceptions->errorHandler(2, 'Undefined varia...', 'C:\\xampp\\htdocs...', 92)
#1 C:\xampp\htdocs\pemweb\system\View\View.php(230): include('C:\\xampp\\htdocs...')
#2 C:\xampp\htdocs\pemweb\system\View\View.php(232): CodeIgniter\View\View->CodeIgniter\View\{closure}()
#3 C:\xampp\htdocs\pemweb\system\Common.php(1271): CodeIgniter\View\View->render('iuran/total_vie...', Array, true)
#4 C:\xampp\htdocs\pemweb\app\Controllers\Laporan.php(38): view('iuran/total_vie...', Array)
#5 C:\xampp\htdocs\pemweb\system\CodeIgniter.php(928): App\Controllers\Laporan->total()
#6 C:\xampp\htdocs\pemweb\system\CodeIgniter.php(436): CodeIgniter\CodeIgniter->runController(Object(App\Controllers\Laporan))
#7 C:\xampp\htdocs\pemweb\system\CodeIgniter.php(336): CodeIgniter\CodeIgniter->handleRequest(NULL, Object(Config\Cache), false)
#8 C:\xampp\htdocs\pemweb\public\index.php(37): CodeIgniter\CodeIgniter->run()
#9 C:\xampp\htdocs\pemweb\system\Commands\Server\rewrite.php(45): require_once('C:\\xampp\\htdocs...')
#10 {main}
CRITICAL - 2021-07-20 05:46:10 --> Undefined variable $getWarga
#0 C:\xampp\htdocs\pemweb\app\Views\iuran\total_view.php(92): CodeIgniter\Debug\Exceptions->errorHandler(2, 'Undefined varia...', 'C:\\xampp\\htdocs...', 92)
#1 C:\xampp\htdocs\pemweb\system\View\View.php(230): include('C:\\xampp\\htdocs...')
#2 C:\xampp\htdocs\pemweb\system\View\View.php(232): CodeIgniter\View\View->CodeIgniter\View\{closure}()
#3 C:\xampp\htdocs\pemweb\system\Common.php(1271): CodeIgniter\View\View->render('iuran/total_vie...', Array, true)
#4 C:\xampp\htdocs\pemweb\app\Controllers\Laporan.php(38): view('iuran/total_vie...', Array)
#5 C:\xampp\htdocs\pemweb\system\CodeIgniter.php(928): App\Controllers\Laporan->total()
#6 C:\xampp\htdocs\pemweb\system\CodeIgniter.php(436): CodeIgniter\CodeIgniter->runController(Object(App\Controllers\Laporan))
#7 C:\xampp\htdocs\pemweb\system\CodeIgniter.php(336): CodeIgniter\CodeIgniter->handleRequest(NULL, Object(Config\Cache), false)
#8 C:\xampp\htdocs\pemweb\public\index.php(37): CodeIgniter\CodeIgniter->run()
#9 C:\xampp\htdocs\pemweb\system\Commands\Server\rewrite.php(45): require_once('C:\\xampp\\htdocs...')
#10 {main}
CRITICAL - 2021-07-20 05:47:24 --> Undefined variable $getWarga
#0 C:\xampp\htdocs\pemweb\app\Views\iuran\total_view.php(92): CodeIgniter\Debug\Exceptions->errorHandler(2, 'Undefined varia...', 'C:\\xampp\\htdocs...', 92)
#1 C:\xampp\htdocs\pemweb\system\View\View.php(230): include('C:\\xampp\\htdocs...')
#2 C:\xampp\htdocs\pemweb\system\View\View.php(232): CodeIgniter\View\View->CodeIgniter\View\{closure}()
#3 C:\xampp\htdocs\pemweb\system\Common.php(1271): CodeIgniter\View\View->render('iuran/total_vie...', Array, true)
#4 C:\xampp\htdocs\pemweb\app\Controllers\Laporan.php(38): view('iuran/total_vie...', Array)
#5 C:\xampp\htdocs\pemweb\system\CodeIgniter.php(928): App\Controllers\Laporan->total()
#6 C:\xampp\htdocs\pemweb\system\CodeIgniter.php(436): CodeIgniter\CodeIgniter->runController(Object(App\Controllers\Laporan))
#7 C:\xampp\htdocs\pemweb\system\CodeIgniter.php(336): CodeIgniter\CodeIgniter->handleRequest(NULL, Object(Config\Cache), false)
#8 C:\xampp\htdocs\pemweb\public\index.php(37): CodeIgniter\CodeIgniter->run()
#9 C:\xampp\htdocs\pemweb\system\Commands\Server\rewrite.php(45): require_once('C:\\xampp\\htdocs...')
#10 {main}
CRITICAL - 2021-07-20 05:48:17 --> Undefined variable $getWarga
#0 C:\xampp\htdocs\pemweb\app\Views\iuran\total_view.php(92): CodeIgniter\Debug\Exceptions->errorHandler(2, 'Undefined varia...', 'C:\\xampp\\htdocs...', 92)
#1 C:\xampp\htdocs\pemweb\system\View\View.php(230): include('C:\\xampp\\htdocs...')
#2 C:\xampp\htdocs\pemweb\system\View\View.php(232): CodeIgniter\View\View->CodeIgniter\View\{closure}()
#3 C:\xampp\htdocs\pemweb\system\Common.php(1271): CodeIgniter\View\View->render('iuran/total_vie...', Array, true)
#4 C:\xampp\htdocs\pemweb\app\Controllers\Laporan.php(38): view('iuran/total_vie...', Array)
#5 C:\xampp\htdocs\pemweb\system\CodeIgniter.php(928): App\Controllers\Laporan->total()
#6 C:\xampp\htdocs\pemweb\system\CodeIgniter.php(436): CodeIgniter\CodeIgniter->runController(Object(App\Controllers\Laporan))
#7 C:\xampp\htdocs\pemweb\system\CodeIgniter.php(336): CodeIgniter\CodeIgniter->handleRequest(NULL, Object(Config\Cache), false)
#8 C:\xampp\htdocs\pemweb\public\index.php(37): CodeIgniter\CodeIgniter->run()
#9 C:\xampp\htdocs\pemweb\system\Commands\Server\rewrite.php(45): require_once('C:\\xampp\\htdocs...')
#10 {main}
CRITICAL - 2021-07-20 06:19:16 --> Invalid file: iuran/tambah_view.php
#0 C:\xampp\htdocs\pemweb\system\View\View.php(213): CodeIgniter\Exceptions\FrameworkException::forInvalidFile('iuran/tambah_vi...')
#1 C:\xampp\htdocs\pemweb\system\Common.php(1271): CodeIgniter\View\View->render('iuran/tambah_vi...', Array, true)
#2 C:\xampp\htdocs\pemweb\app\Controllers\Iuran.php(25): view('iuran/tambah_vi...', Array)
#3 C:\xampp\htdocs\pemweb\system\CodeIgniter.php(928): App\Controllers\Iuran->tambah()
#4 C:\xampp\htdocs\pemweb\system\CodeIgniter.php(436): CodeIgniter\CodeIgniter->runController(Object(App\Controllers\Iuran))
#5 C:\xampp\htdocs\pemweb\system\CodeIgniter.php(336): CodeIgniter\CodeIgniter->handleRequest(NULL, Object(Config\Cache), false)
#6 C:\xampp\htdocs\pemweb\public\index.php(37): CodeIgniter\CodeIgniter->run()
#7 C:\xampp\htdocs\pemweb\system\Commands\Server\rewrite.php(45): require_once('C:\\xampp\\htdocs...')
#8 {main}
